0 info it worked if it ends with ok
1 verbose cli [ 'node', '/bin/npm', 'start' ]
2 info using npm@3.5.2
3 info using node@v0.10.41
4 verbose node symlink /bin/node
5 verbose run-script [ 'prestart', 'start', 'poststart' ]
6 info lifecycle application-name@0.0.1~prestart: application-name@0.0.1
7 silly lifecycle application-name@0.0.1~prestart: no script for prestart, continuing
8 info lifecycle application-name@0.0.1~start: application-name@0.0.1
9 verbose lifecycle application-name@0.0.1~start: unsafe-perm in lifecycle true
10 verbose lifecycle application-name@0.0.1~start: PATH: /usr/lib/node_modules/npm/bin/node-gyp-bin:/home/ec2-user/its-time/node_modules/.bin:/sbin:/bin:/usr/sbin:/usr/bin
11 verbose lifecycle application-name@0.0.1~start: CWD: /home/ec2-user/its-time
12 silly lifecycle application-name@0.0.1~start: Args: [ '-c', 'node app.js' ]
13 silly lifecycle application-name@0.0.1~start: Returned: code: 8  signal: null
14 info lifecycle application-name@0.0.1~start: Failed to exec start script
15 verbose stack Error: application-name@0.0.1 start: `node app.js`
15 verbose stack Exit status 8
15 verbose stack     at EventEmitter.<anonymous> (/usr/lib/node_modules/npm/lib/utils/lifecycle.js:232:16)
15 verbose stack     at EventEmitter.emit (events.js:98:17)
15 verbose stack     at ChildProcess.<anonymous> (/usr/lib/node_modules/npm/lib/utils/spawn.js:24:14)
15 verbose stack     at ChildProcess.emit (events.js:98:17)
15 verbose stack     at maybeClose (child_process.js:766:16)
15 verbose stack     at Process.ChildProcess._handle.onexit (child_process.js:833:5)
16 verbose pkgid application-name@0.0.1
17 verbose cwd /home/ec2-user/its-time
18 error Linux 3.10.0-229.el7.x86_64
19 error argv "node" "/bin/npm" "start"
20 error node v0.10.41
21 error npm  v3.5.2
22 error code ELIFECYCLE
23 error application-name@0.0.1 start: `node app.js`
23 error Exit status 8
24 error Failed at the application-name@0.0.1 start script 'node app.js'.
24 error Make sure you have the latest version of node.js and npm installed.
24 error If you do, this is most likely a problem with the application-name package,
24 error not with npm itself.
24 error Tell the author that this fails on your system:
24 error     node app.js
24 error You can get information on how to open an issue for this project with:
24 error     npm bugs application-name
24 error Or if that isn't available, you can get their info via:
24 error     npm owner ls application-name
24 error There is likely additional logging output above.
25 verbose exit [ 1, true ]
